#
# There is insufficient memory for the Java Runtime Environment to continue.
# Native memory allocation (malloc) failed to allocate 1159376 bytes for Chunk::new
# Possible reasons:
#   The system is out of physical RAM or swap space
#   The process is running with CompressedOops enabled, and the Java Heap may be blocking the growth of the native heap
# Possible solutions:
#   Reduce memory load on the system
#   Increase physical memory or swap space
#   Check if swap backing store is full
#   Decrease Java heap size (-Xmx/-Xms)
#   Decrease number of Java threads
#   Decrease Java thread stack sizes (-Xss)
#   Set larger code cache with -XX:ReservedCodeCacheSize=
#   JVM is running with Unscaled Compressed Oops mode in which the Java heap is
#     placed in the first 4GB address space. The Java Heap base address is the
#     maximum limit for the native heap growth. Please use -XX:HeapBaseMinAddress
#     to set the Java Heap base and to place the Java Heap above 4GB virtual address.
# This output file may be truncated or incomplete.
#
#  Out of Memory Error (allocation.cpp:390), pid=1580, tid=0x0000000000002aa8
#
# JRE version: Java(TM) SE Runtime Environment (8.0_201-b09) (build 1.8.0_201-b09)
# Java VM: Java HotSpot(TM) 64-Bit Server VM (25.201-b09 mixed mode windows-amd64 compressed oops)
# Failed to write core dump. Minidumps are not enabled by default on client versions of Windows
#

---------------  T H R E A D  ---------------

Current thread (0x0000000018715800):  JavaThread "C2 CompilerThread0" daemon [_thread_in_native, id=10920, stack(0x0000000018fe0000,0x00000000190e0000)]

Stack: [0x0000000018fe0000,0x00000000190e0000]
[error occurred during error reporting (printing stack bounds), id 0xc0000005]

Native frames: (J=compiled Java code, j=interpreted, Vv=VM code, C=native code)


Current CompileTask:
C2:   8858 3651       4       org.objectweb.asm.SymbolTable::addConstantMemberReference (147 bytes)


---------------  P R O C E S S  ---------------

Java Threads: ( => current thread )
  0x0000000021ad6800 JavaThread "Cache worker for Build Output Cleanup Cache (C:\Users\karan\AndroidStudioProjects\SHRED\.gradle\buildOutputCleanup)" [_thread_blocked, id=10036, stack(0x0000000023310000,0x0000000023410000)]
  0x0000000021ada000 JavaThread "Build operations Thread 8" [_thread_blocked, id=11260, stack(0x0000000023210000,0x0000000023310000)]
  0x0000000021ad3000 JavaThread "Build operations Thread 7" [_thread_blocked, id=12520, stack(0x0000000023110000,0x0000000023210000)]
  0x0000000021ad6000 JavaThread "Build operations Thread 6" [_thread_blocked, id=14364, stack(0x0000000023010000,0x0000000023110000)]
  0x0000000021ad5000 JavaThread "Build operations Thread 5" [_thread_blocked, id=13696, stack(0x0000000022f10000,0x0000000023010000)]
  0x0000000021ad9000 JavaThread "Build operations Thread 4" [_thread_blocked, id=2652, stack(0x0000000022e10000,0x0000000022f10000)]
  0x0000000021ad3800 JavaThread "Build operations Thread 3" [_thread_blocked, id=14064, stack(0x0000000022d10000,0x0000000022e10000)]
  0x0000000021ad2000 JavaThread "Build operations Thread 2" [_thread_blocked, id=4528, stack(0x0000000022960000,0x0000000022a60000)]
  0x0000000021ad4800 JavaThread "Build operations" [_thread_blocked, id=3184, stack(0x0000000022860000,0x0000000022960000)]
  0x000000001a9db800 JavaThread "Cache worker for execution history cache (C:\Users\karan\.gradle\caches\5.4.1\executionHistory)" [_thread_blocked, id=7364, stack(0x0000000022560000,0x0000000022660000)]
  0x000000001a9da800 JavaThread "Cache worker for cache directory md-rule (C:\Users\karan\.gradle\caches\5.4.1\md-rule)" [_thread_blocked, id=7860, stack(0x0000000021020000,0x0000000021120000)]
  0x000000001a9da000 JavaThread "Cache worker for cache directory md-supplier (C:\Users\karan\.gradle\caches\5.4.1\md-supplier)" [_thread_blocked, id=13392, stack(0x0000000020f20000,0x0000000021020000)]
  0x000000001a9dc000 JavaThread "Cache worker for file hash cache (C:\Users\karan\AndroidStudioProjects\SHRED\.gradle\5.4.1\fileHashes)" [_thread_blocked, id=1836, stack(0x000000001f7a0000,0x000000001f8a0000)]
  0x000000001a9e0000 JavaThread "Cache worker for journal cache (C:\Users\karan\.gradle\caches\journal-1)" [_thread_blocked, id=14424, stack(0x000000001d300000,0x000000001d400000)]
  0x000000001a9de800 JavaThread "File lock request listener" [_thread_in_native, id=15476, stack(0x000000001d200000,0x000000001d300000)]
  0x000000001a9dd800 JavaThread "Cache worker for file hash cache (C:\Users\karan\.gradle\caches\5.4.1\fileHashes)" [_thread_blocked, id=11548, stack(0x000000001d100000,0x000000001d200000)]
  0x000000001abe5800 JavaThread "Thread-9" [_thread_blocked, id=11460, stack(0x000000001c030000,0x000000001c130000)]
  0x000000001abe5000 JavaThread "Stdin handler" [_thread_blocked, id=9928, stack(0x000000001bf30000,0x000000001c030000)]
  0x000000001abe4000 JavaThread "Asynchronous log dispatcher for DefaultDaemonConnection: socket connection from /127.0.0.1:63477 to /127.0.0.1:63479" [_thread_blocked, id=9288, stack(0x000000001bd30000,0x000000001be30000)]
  0x000000001abde800 JavaThread "Daemon worker" [_thread_in_vm, id=2984, stack(0x000000001bc30000,0x000000001bd30000)]
  0x000000001a786800 JavaThread "Cancel handler" [_thread_blocked, id=15392, stack(0x000000001bb30000,0x000000001bc30000)]
  0x000000001abcf000 JavaThread "Handler for socket connection from /127.0.0.1:63477 to /127.0.0.1:63479" [_thread_in_native, id=13964, stack(0x000000001b830000,0x000000001b930000)]
  0x000000001a8d6000 JavaThread "Daemon" [_thread_blocked, id=12012, stack(0x000000001b730000,0x000000001b830000)]
  0x000000001a846800 JavaThread "Daemon periodic checks" [_thread_blocked, id=820, stack(0x000000001b630000,0x000000001b730000)]
  0x000000001a832000 JavaThread "Incoming local TCP Connector on port 63477" [_thread_in_native, id=11588, stack(0x000000001b3f0000,0x000000001b4f0000)]
  0x000000001aabb000 JavaThread "Daemon health stats" [_thread_blocked, id=9680, stack(0x000000001adb0000,0x000000001aeb0000)]
  0x00000000187aa800 JavaThread "Service Thread" daemon [_thread_blocked, id=18124, stack(0x00000000193e0000,0x00000000194e0000)]
  0x000000001872b000 JavaThread "C1 CompilerThread3" daemon [_thread_blocked, id=12268, stack(0x00000000192e0000,0x00000000193e0000)]
  0x0000000018723800 JavaThread "C2 CompilerThread2" daemon [_thread_in_native, id=3324, stack(0x00000000191e0000,0x00000000192e0000)]
  0x0000000018717800 JavaThread "C2 CompilerThread1" daemon [_thread_in_native, id=18416, stack(0x00000000190e0000,0x00000000191e0000)]
=>0x0000000018715800 JavaThread "C2 CompilerThread0" daemon [_thread_in_native, id=10920, stack(0x0000000018fe0000,0x00000000190e0000)]
  0x0000000018712000 JavaThread "Attach Listener" daemon [_thread_blocked, id=10968, stack(0x0000000018ee0000,0x0000000018fe0000)]
  0x0000000018710800 JavaThread "Signal Dispatcher" daemon [_thread_blocked, id=13532, stack(0x0000000018de0000,0x0000000018ee0000)]
  0x0000000018701000 JavaThread "Finalizer" daemon [_thread_blocked, id=460, stack(0x0000000018be0000,0x0000000018ce0000)]
  0x000000001691d800 JavaThread "Reference Handler" daemon [_thread_blocked, id=12952, stack(0x0000000018ae0000,0x0000000018be0000)]
  0x0000000002a62800 JavaThread "main" [_thread_blocked, id=6944, stack(0x00000000028d0000,0x00000000029d0000)]

Other Threads:
  0x0000000016919000 VMThread [stack: 0x00000000185e0000,0x00000000186e0000] [id=13368]
  0x00000000187cc800 WatcherThread [stack: 0x00000000194e0000,0x00000000195e0000] [id=6024]

VM state:not at safepoint (normal execution)

VM Mutex/Monitor currently owned by a thread: None

heap address: 0x00000000a0000000, size: 1536 MB, Compressed Oops mode: 32-bit
Narrow klass base: 0x0000000000000000, Narrow klass shift: 3
Compressed class space size: 1073741824 Address: 0x0000000100000000

Heap:
 PSYoungGen      total 145920K, used 93235K [0x00000000e0000000, 0x00000000ed680000, 0x0000000100000000)
  eden space 132608K, 70% used [0x00000000e0000000,0x00000000e5b0ccb8,0x00000000e8180000)
  from space 13312K, 0% used [0x00000000e8e80000,0x00000000e8e80000,0x00000000e9b80000)
  to   space 13312K, 0% used [0x00000000e8180000,0x00000000e8180000,0x00000000e8e80000)
 ParOldGen       total 117248K, used 15333K [0x00000000a0000000, 0x00000000a7280000, 0x00000000e0000000)
  object space 117248K, 13% used [0x00000000a0000000,0x00000000a0ef94e8,0x00000000a7280000)
 Metaspace       used 44588K, capacity 45516K, committed 45696K, reserved 1089536K
  class space    used 6152K, capacity 6418K, committed 6528K, reserved 1048576K

Card table byte_map: [0x0000000011f20000,0x0000000012230000] byte_map_base: 0x0000000011a20000

Marking Bits: (ParMarkBitMap*) 0x000000005a2b4ce0
 Begin Bits: [0x0000000012c30000, 0x0000000014430000)
 End Bits:   [0x0000000014430000, 0x0000000015c30000)

Polling page: 0x0000000000b50000

CodeCache: size=245760Kb used=11458Kb max_used=11458Kb free=234301Kb
 bounds [0x0000000002b60000, 0x00000000036a0000, 0x0000000011b60000]
 total_blobs=4139 nmethods=3385 adapters=665
 compilation: enabled

Compilation events (10 events):
Event: 8.838 Thread 0x000000001872b000 3732       3       com.google.gson.internal.bind.ReflectiveTypeAdapterFactory$1::read (30 bytes)
Event: 8.839 Thread 0x000000001872b000 nmethod 3732 0x0000000003695a50 code [0x0000000003695bc0, 0x0000000003695f38]
Event: 8.839 Thread 0x000000001872b000 3727       3       sun.reflect.UnsafeQualifiedObjectFieldAccessorImpl::set (56 bytes)
Event: 8.842 Thread 0x000000001872b000 nmethod 3727 0x0000000003696050 code [0x0000000003696300, 0x0000000003697be8]
Event: 8.842 Thread 0x000000001872b000 3742       3       com.google.gson.stream.JsonReader::push (118 bytes)
Event: 8.842 Thread 0x000000001872b000 nmethod 3742 0x0000000003698590 code [0x0000000003698740, 0x0000000003698d48]
Event: 8.843 Thread 0x000000001872b000 3741   !   3       java.io.StringReader::read (133 bytes)
Event: 8.843 Thread 0x000000001872b000 nmethod 3741 0x0000000003698f50 code [0x0000000003699120, 0x0000000003699a48]
Event: 8.843 Thread 0x000000001872b000 3720       3       sun.reflect.ByteVectorFactory::create (8 bytes)
Event: 8.844 Thread 0x000000001872b000 nmethod 3720 0x0000000003699f10 code [0x000000000369a080, 0x000000000369a3d0]

GC Heap History (10 events):
Event: 3.931 GC heap before
{Heap before GC invocations=4 (full 1):
 PSYoungGen      total 76288K, used 10740K [0x00000000e0000000, 0x00000000e9500000, 0x0000000100000000)
  eden space 65536K, 0% used [0x00000000e0000000,0x00000000e0000000,0x00000000e4000000)
  from space 10752K, 99% used [0x00000000e4000000,0x00000000e4a7d080,0x00000000e4a80000)
  to   space 10752K, 0% used [0x00000000e8a80000,0x00000000e8a80000,0x00000000e9500000)
 ParOldGen       total 175104K, used 1088K [0x00000000a0000000, 0x00000000aab00000, 0x00000000e0000000)
  object space 175104K, 0% used [0x00000000a0000000,0x00000000a0110250,0x00000000aab00000)
 Metaspace       used 20680K, capacity 21146K, committed 21248K, reserved 1067008K
  class space    used 3043K, capacity 3247K, committed 3328K, reserved 1048576K
Event: 3.992 GC heap after
Heap after GC invocations=4 (full 1):
 PSYoungGen      total 76288K, used 0K [0x00000000e0000000, 0x00000000e9500000, 0x0000000100000000)
  eden space 65536K, 0% used [0x00000000e0000000,0x00000000e0000000,0x00000000e4000000)
  from space 10752K, 0% used [0x00000000e4000000,0x00000000e4000000,0x00000000e4a80000)
  to   space 10752K, 0% used [0x00000000e8a80000,0x00000000e8a80000,0x00000000e9500000)
 ParOldGen       total 117248K, used 11456K [0x00000000a0000000, 0x00000000a7280000, 0x00000000e0000000)
  object space 117248K, 9% used [0x00000000a0000000,0x00000000a0b30268,0x00000000a7280000)
 Metaspace       used 20680K, capacity 21146K, committed 21248K, reserved 1067008K
  class space    used 3043K, capacity 3247K, committed 3328K, reserved 1048576K
}
Event: 5.187 GC heap before
{Heap before GC invocations=5 (full 1):
 PSYoungGen      total 76288K, used 65536K [0x00000000e0000000, 0x00000000e9500000, 0x0000000100000000)
  eden space 65536K, 100% used [0x00000000e0000000,0x00000000e4000000,0x00000000e4000000)
  from space 10752K, 0% used [0x00000000e4000000,0x00000000e4000000,0x00000000e4a80000)
  to   space 10752K, 0% used [0x00000000e8a80000,0x00000000e8a80000,0x00000000e9500000)
 ParOldGen       total 117248K, used 11456K [0x00000000a0000000, 0x00000000a7280000, 0x00000000e0000000)
  object space 117248K, 9% used [0x00000000a0000000,0x00000000a0b30268,0x00000000a7280000)
 Metaspace       used 28980K, capacity 29518K, committed 29824K, reserved 1075200K
  class space    used 4009K, capacity 4192K, committed 4224K, reserved 1048576K
Event: 5.201 GC heap after
Heap after GC invocations=5 (full 1):
 PSYoungGen      total 100864K, used 8044K [0x00000000e0000000, 0x00000000e9280000, 0x0000000100000000)
  eden space 92672K, 0% used [0x00000000e0000000,0x00000000e0000000,0x00000000e5a80000)
  from space 8192K, 98% used [0x00000000e8a80000,0x00000000e925b268,0x00000000e9280000)
  to   space 10752K, 0% used [0x00000000e7d80000,0x00000000e7d80000,0x00000000e8800000)
 ParOldGen       total 117248K, used 11464K [0x00000000a0000000, 0x00000000a7280000, 0x00000000e0000000)
  object space 117248K, 9% used [0x00000000a0000000,0x00000000a0b32268,0x00000000a7280000)
 Metaspace       used 28980K, capacity 29518K, committed 29824K, reserved 1075200K
  class space    used 4009K, capacity 4192K, committed 4224K, reserved 1048576K
}
Event: 6.632 GC heap before
{Heap before GC invocations=6 (full 1):
 PSYoungGen      total 100864K, used 100716K [0x00000000e0000000, 0x00000000e9280000, 0x0000000100000000)
  eden space 92672K, 100% used [0x00000000e0000000,0x00000000e5a80000,0x00000000e5a80000)
  from space 8192K, 98% used [0x00000000e8a80000,0x00000000e925b268,0x00000000e9280000)
  to   space 10752K, 0% used [0x00000000e7d80000,0x00000000e7d80000,0x00000000e8800000)
 ParOldGen       total 117248K, used 11464K [0x00000000a0000000, 0x00000000a7280000, 0x00000000e0000000)
  object space 117248K, 9% used [0x00000000a0000000,0x00000000a0b32268,0x00000000a7280000)
 Metaspace       used 33879K, capacity 34488K, committed 34688K, reserved 1079296K
  class space    used 4784K, capacity 4965K, committed 4992K, reserved 1048576K
Event: 6.652 GC heap after
Heap after GC invocations=6 (full 1):
 PSYoungGen      total 139264K, used 10484K [0x00000000e0000000, 0x00000000e9b80000, 0x0000000100000000)
  eden space 128512K, 0% used [0x00000000e0000000,0x00000000e0000000,0x00000000e7d80000)
  from space 10752K, 97% used [0x00000000e7d80000,0x00000000e87bd1c0,0x00000000e8800000)
  to   space 13312K, 0% used [0x00000000e8e80000,0x00000000e8e80000,0x00000000e9b80000)
 ParOldGen       total 117248K, used 11472K [0x00000000a0000000, 0x00000000a7280000, 0x00000000e0000000)
  object space 117248K, 9% used [0x00000000a0000000,0x00000000a0b34268,0x00000000a7280000)
 Metaspace       used 33879K, capacity 34488K, committed 34688K, reserved 1079296K
  class space    used 4784K, capacity 4965K, committed 4992K, reserved 1048576K
}
Event: 7.115 GC heap before
{Heap before GC invocations=7 (full 1):
 PSYoungGen      total 139264K, used 35966K [0x00000000e0000000, 0x00000000e9b80000, 0x0000000100000000)
  eden space 128512K, 19% used [0x00000000e0000000,0x00000000e18e2910,0x00000000e7d80000)
  from space 10752K, 97% used [0x00000000e7d80000,0x00000000e87bd1c0,0x00000000e8800000)
  to   space 13312K, 0% used [0x00000000e8e80000,0x00000000e8e80000,0x00000000e9b80000)
 ParOldGen       total 117248K, used 11472K [0x00000000a0000000, 0x00000000a7280000, 0x00000000e0000000)
  object space 117248K, 9% used [0x00000000a0000000,0x00000000a0b34268,0x00000000a7280000)
 Metaspace       used 34659K, capacity 35354K, committed 35416K, reserved 1079296K
  class space    used 4903K, capacity 5089K, committed 5120K, reserved 1048576K
Event: 7.128 GC heap after
Heap after GC invocations=7 (full 1):
 PSYoungGen      total 145920K, used 8482K [0x00000000e0000000, 0x00000000ed680000, 0x0000000100000000)
  eden space 132608K, 0% used [0x00000000e0000000,0x00000000e0000000,0x00000000e8180000)
  from space 13312K, 63% used [0x00000000e8e80000,0x00000000e96c89b0,0x00000000e9b80000)
  to   space 13312K, 0% used [0x00000000e8180000,0x00000000e8180000,0x00000000e8e80000)
 ParOldGen       total 117248K, used 11480K [0x00000000a0000000, 0x00000000a7280000, 0x00000000e0000000)
  object space 117248K, 9% used [0x00000000a0000000,0x00000000a0b36268,0x00000000a7280000)
 Metaspace       used 34659K, capacity 35354K, committed 35416K, reserved 1079296K
  class space    used 4903K, capacity 5089K, committed 5120K, reserved 1048576K
}
Event: 7.128 GC heap before
{Heap before GC invocations=8 (full 2):
 PSYoungGen      total 145920K, used 8482K [0x00000000e0000000, 0x00000000ed680000, 0x0000000100000000)
  eden space 132608K, 0% used [0x00000000e0000000,0x00000000e0000000,0x00000000e8180000)
  from space 13312K, 63% used [0x00000000e8e80000,0x00000000e96c89b0,0x00000000e9b80000)
  to   space 13312K, 0% used [0x00000000e8180000,0x00000000e8180000,0x00000000e8e80000)
 ParOldGen       total 117248K, used 11480K [0x00000000a0000000, 0x00000000a7280000, 0x00000000e0000000)
  object space 117248K, 9% used [0x00000000a0000000,0x00000000a0b36268,0x00000000a7280000)
 Metaspace       used 34659K, capacity 35354K, committed 35416K, reserved 1079296K
  class space    used 4903K, capacity 5089K, committed 5120K, reserved 1048576K
Event: 7.267 GC heap after
Heap after GC invocations=8 (full 2):
 PSYoungGen      total 145920K, used 0K [0x00000000e0000000, 0x00000000ed680000, 0x0000000100000000)
  eden space 132608K, 0% used [0x00000000e0000000,0x00000000e0000000,0x00000000e8180000)
  from space 13312K, 0% used [0x00000000e8e80000,0x00000000e8e80000,0x00000000e9b80000)
  to   space 13312K, 0% used [0x00000000e8180000,0x00000000e8180000,0x00000000e8e80000)
 ParOldGen       total 117248K, used 15333K [0x00000000a0000000, 0x00000000a7280000, 0x00000000e0000000)
  object space 117248K, 13% used [0x00000000a0000000,0x00000000a0ef94e8,0x00000000a7280000)
 Metaspace       used 34643K, capacity 35300K, committed 35416K, reserved 1079296K
  class space    used 4898K, capacity 5080K, committed 5120K, reserved 1048576K
}

Deoptimization events (10 events):
Event: 8.344 Thread 0x000000001abde800 Uncommon trap: reason=unstable_if action=reinterpret pc=0x000000000356e188 method=java.util.jar.JarFile.maybeInstantiateVerifier()V @ 4
Event: 8.346 Thread 0x000000001abde800 Uncommon trap: reason=unstable_if action=reinterpret pc=0x0000000003005058 method=java.util.jar.JarFile.maybeInstantiateVerifier()V @ 4
Event: 8.346 Thread 0x000000001abde800 Uncommon trap: reason=unstable_if action=reinterpret pc=0x0000000003538e30 method=java.security.CodeSource.<init>(Ljava/net/URL;[Ljava/security/CodeSigner;)V @ 25
Event: 8.348 Thread 0x000000001abde800 Uncommon trap: reason=unstable_if action=reinterpret pc=0x000000000307f66c method=java.security.CodeSource.getCertificates()[Ljava/security/cert/Certificate; @ 22
Event: 8.348 Thread 0x000000001abde800 Uncommon trap: reason=unstable_if action=reinterpret pc=0x00000000033f3fe0 method=java.util.jar.JarFile.maybeInstantiateVerifier()V @ 4
Event: 8.349 Thread 0x000000001abde800 Uncommon trap: reason=unstable_if action=reinterpret pc=0x00000000034bfe34 method=java.util.jar.JarFile.maybeInstantiateVerifier()V @ 4
Event: 8.349 Thread 0x000000001abde800 Uncommon trap: reason=unstable_if action=reinterpret pc=0x0000000002ca183c method=java.security.CodeSource.matchCerts(Ljava/security/CodeSource;Z)Z @ 11
Event: 8.388 Thread 0x000000001abde800 Uncommon trap: reason=unstable_if action=reinterpret pc=0x000000000332977c method=java.util.LinkedHashMap.get(Ljava/lang/Object;)Ljava/lang/Object; @ 20
Event: 8.486 Thread 0x000000001abde800 Uncommon trap: reason=unstable_if action=reinterpret pc=0x00000000033a5be8 method=org.objectweb.asm.ByteVector.putUTF8(Ljava/lang/String;)Lorg/objectweb/asm/ByteVector; @ 93
Event: 8.620 Thread 0x000000001abde800 Uncommon trap: reason=unstable_if action=reinterpret pc=0x00000000033280b0 method=org.objectweb.asm.ByteVector.putUTF8(Ljava/lang/String;)Lorg/objectweb/asm/ByteVector; @ 93

Classes redefined (0 events):
No events

Internal exceptions (10 events):
Event: 7.098 Thread 0x000000001abde800 Exception <a 'java/lang/ClassNotFoundException': build_ce8ea35qj7c70d313sth7xjkcCustomizer> (0x00000000e17016c0) thrown at [C:\re\workspace\8-2-build-windows-amd64-cygwin\jdk8u201\12322\hotspot\src\share\vm\classfile\systemDictionary.cpp, line 210]
Event: 7.105 Thread 0x000000001abde800 Exception <a 'java/lang/ClassNotFoundException': org/gradle/api/internal/plugins/DefaultObjectConfigurationActionBeanInfo> (0x00000000e1770588) thrown at [C:\re\workspace\8-2-build-windows-amd64-cygwin\jdk8u201\12322\hotspot\src\share\vm\classfile\systemD
Event: 7.107 Thread 0x000000001abde800 Exception <a 'java/lang/ClassNotFoundException': org/gradle/api/internal/plugins/DefaultObjectConfigurationActionCustomizer> (0x00000000e17ad728) thrown at [C:\re\workspace\8-2-build-windows-amd64-cygwin\jdk8u201\12322\hotspot\src\share\vm\classfile\syste
Event: 7.553 Thread 0x000000001abde800 Implicit null exception at 0x0000000003615c53 to 0x000000000361d069
Event: 7.553 Thread 0x000000001abde800 Implicit null exception at 0x000000000356f595 to 0x000000000356f87d
Event: 8.242 Thread 0x000000001abde800 Implicit null exception at 0x0000000002d6d1e8 to 0x0000000002d6d70d
Event: 8.642 Thread 0x000000001abde800 Exception <a 'java/lang/ClassNotFoundException': com/android/build/gradle/internal/api/DefaultAndroidSourceSet_DecoratedBeanInfo> (0x00000000e4c48b38) thrown at [C:\re\workspace\8-2-build-windows-amd64-cygwin\jdk8u201\12322\hotspot\src\share\vm\classfile\
Event: 8.642 Thread 0x000000001abde800 Exception <a 'java/lang/ClassNotFoundException': com/android/build/gradle/internal/api/DefaultAndroidSourceSetBeanInfo> (0x00000000e4c64c80) thrown at [C:\re\workspace\8-2-build-windows-amd64-cygwin\jdk8u201\12322\hotspot\src\share\vm\classfile\systemDict
Event: 8.643 Thread 0x000000001abde800 Exception <a 'java/lang/ClassNotFoundException': com/android/build/gradle/internal/api/DefaultAndroidSourceSetCustomizer> (0x00000000e4c810c0) thrown at [C:\re\workspace\8-2-build-windows-amd64-cygwin\jdk8u201\12322\hotspot\src\share\vm\classfile\systemDi
Event: 8.645 Thread 0x000000001abde800 Exception <a 'java/lang/ClassNotFoundException': com/android/build/gradle/internal/api/DefaultAndroidSourceSet_DecoratedCustomizer> (0x00000000e4cee738) thrown at [C:\re\workspace\8-2-build-windows-amd64-cygwin\jdk8u201\12322\hotspot\src\share\vm\classfil

Events (10 events):
Event: 8.847 loading class kotlin/sequences/SequencesKt___SequencesKt
Event: 8.847 loading class kotlin/sequences/SequencesKt___SequencesKt done
Event: 8.851 loading class kotlin/sequences/SequencesKt___SequencesJvmKt
Event: 8.851 loading class kotlin/sequences/SequencesKt___SequencesJvmKt done
Event: 8.851 loading class kotlin/sequences/SequencesKt__SequencesKt
Event: 8.851 loading class kotlin/sequences/SequencesKt__SequencesKt done
Event: 8.852 loading class kotlin/sequences/SequencesKt__SequencesJVMKt
Event: 8.852 loading class kotlin/sequences/SequencesKt__SequencesJVMKt done
Event: 8.852 loading class kotlin/sequences/SequencesKt__SequenceBuilderKt
Event: 8.852 loading class kotlin/sequences/SequencesKt__SequenceBuilderKt done


Dynamic libraries:
0x00007ff75cd50000 - 0x00007ff75cd87000 	C:\Program Files\Java\jdk1.8.0_201\bin\java.exe
0x00007ff874ea0000 - 0x00007ff875090000 	C:\WINDOWS\SYSTEM32\ntdll.dll
0x00007ff874d10000 - 0x00007ff874dc2000 	C:\WINDOWS\System32\KERNEL32.DLL
0x00007ff871f90000 - 0x00007ff872233000 	C:\WINDOWS\System32\KERNELBASE.dll
0x00007ff873c90000 - 0x00007ff873d33000 	C:\WINDOWS\System32\ADVAPI32.dll
0x00007ff873ef0000 - 0x00007ff873f8e000 	C:\WINDOWS\System32\msvcrt.dll
0x00007ff873580000 - 0x00007ff873617000 	C:\WINDOWS\System32\sechost.dll
0x00007ff873160000 - 0x00007ff873280000 	C:\WINDOWS\System32\RPCRT4.dll
0x00007ff8733d0000 - 0x00007ff873563000 	C:\WINDOWS\System32\USER32.dll
0x00007ff872240000 - 0x00007ff872261000 	C:\WINDOWS\System32\win32u.dll
0x00007ff873c60000 - 0x00007ff873c86000 	C:\WINDOWS\System32\GDI32.dll
0x00007ff872db0000 - 0x00007ff872f44000 	C:\WINDOWS\System32\gdi32full.dll
0x00007ff8723c0000 - 0x00007ff87245e000 	C:\WINDOWS\System32\msvcp_win.dll
0x00007ff872290000 - 0x00007ff87238a000 	C:\WINDOWS\System32\ucrtbase.dll
0x00007ff8550f0000 - 0x00007ff855375000 	C:\WINDOWS\WinSxS\amd64_microsoft.windows.common-controls_6595b64144ccf1df_6.0.18362.388_none_e6c6afa5130d5b6d\COMCTL32.dll
0x00007ff874820000 - 0x00007ff874b56000 	C:\WINDOWS\System32\combase.dll
0x00007ff872d30000 - 0x00007ff872db0000 	C:\WINDOWS\System32\bcryptPrimitives.dll
0x00007ff874dd0000 - 0x00007ff874dfe000 	C:\WINDOWS\System32\IMM32.DLL
0x000000005a340000 - 0x000000005a411000 	C:\Program Files\Java\jdk1.8.0_201\jre\bin\msvcr100.dll
0x0000000059a90000 - 0x000000005a334000 	C:\Program Files\Java\jdk1.8.0_201\jre\bin\server\jvm.dll
0x00007ff873f90000 - 0x00007ff873f98000 	C:\WINDOWS\System32\PSAPI.DLL
0x00007ff865a70000 - 0x00007ff865a7a000 	C:\WINDOWS\SYSTEM32\VERSION.dll
0x00007ff86f740000 - 0x00007ff86f764000 	C:\WINDOWS\SYSTEM32\WINMM.dll
0x00007ff85a7e0000 - 0x00007ff85a7e9000 	C:\WINDOWS\SYSTEM32\WSOCK32.dll
0x00007ff874b60000 - 0x00007ff874bcf000 	C:\WINDOWS\System32\WS2_32.dll
0x00007ff86f630000 - 0x00007ff86f65d000 	C:\WINDOWS\SYSTEM32\winmmbase.dll
0x00007ff871e90000 - 0x00007ff871eda000 	C:\WINDOWS\System32\cfgmgr32.dll
0x00007ff86e580000 - 0x00007ff86e58f000 	C:\Program Files\Java\jdk1.8.0_201\jre\bin\verify.dll
0x00007ff84ea50000 - 0x00007ff84ea79000 	C:\Program Files\Java\jdk1.8.0_201\jre\bin\java.dll
0x00007ff86c240000 - 0x00007ff86c256000 	C:\Program Files\Java\jdk1.8.0_201\jre\bin\zip.dll
0x00007ff874050000 - 0x00007ff874735000 	C:\WINDOWS\System32\SHELL32.dll
0x00007ff8730b0000 - 0x00007ff873159000 	C:\WINDOWS\System32\shcore.dll
0x00007ff8725b0000 - 0x00007ff872d2f000 	C:\WINDOWS\System32\windows.storage.dll
0x00007ff871d80000 - 0x00007ff871d9f000 	C:\WINDOWS\System32\profapi.dll
0x00007ff871da0000 - 0x00007ff871dea000 	C:\WINDOWS\System32\powrprof.dll
0x00007ff871d70000 - 0x00007ff871d80000 	C:\WINDOWS\System32\UMPDC.dll
0x00007ff873280000 - 0x00007ff8732d2000 	C:\WINDOWS\System32\shlwapi.dll
0x00007ff871e10000 - 0x00007ff871e21000 	C:\WINDOWS\System32\kernel.appcore.dll
0x00007ff872270000 - 0x00007ff872287000 	C:\WINDOWS\System32\cryptsp.dll
0x00007ff859eb0000 - 0x00007ff859eca000 	C:\Program Files\Java\jdk1.8.0_201\jre\bin\net.dll
0x00007ff863ad0000 - 0x00007ff863ca6000 	C:\WINDOWS\SYSTEM32\urlmon.dll
0x00007ff8630c0000 - 0x00007ff863366000 	C:\WINDOWS\SYSTEM32\iertutil.dll
0x00007ff8717b0000 - 0x00007ff8717bc000 	C:\WINDOWS\SYSTEM32\CRYPTBASE.DLL
0x00007ff8715e0000 - 0x00007ff871647000 	C:\WINDOWS\system32\mswsock.dll
0x00007ff84de60000 - 0x00007ff84de71000 	C:\Program Files\Java\jdk1.8.0_201\jre\bin\nio.dll
0x00007ff864e70000 - 0x00007ff864e96000 	C:\Users\karan\.gradle\native\29\windows-amd64\native-platform.dll
0x00007ff86bdb0000 - 0x00007ff86bdbd000 	C:\Program Files\Java\jdk1.8.0_201\jre\bin\management.dll
0x00007ff871150000 - 0x00007ff871183000 	C:\WINDOWS\system32\rsaenh.dll
0x00007ff872390000 - 0x00007ff8723b6000 	C:\WINDOWS\System32\bcrypt.dll
0x00007ff871c90000 - 0x00007ff871cb5000 	C:\WINDOWS\SYSTEM32\USERENV.dll
0x00007ff8712f0000 - 0x00007ff87132a000 	C:\WINDOWS\SYSTEM32\IPHLPAPI.DLL
0x00007ff874810000 - 0x00007ff874818000 	C:\WINDOWS\System32\NSI.dll
0x00007ff865a80000 - 0x00007ff865a96000 	C:\WINDOWS\SYSTEM32\dhcpcsvc6.DLL
0x00007ff868460000 - 0x00007ff86847c000 	C:\WINDOWS\SYSTEM32\dhcpcsvc.DLL
0x00007ff871330000 - 0x00007ff8713fa000 	C:\WINDOWS\SYSTEM32\DNSAPI.dll

VM Arguments:
jvm_args: -Xmx1536m -Dfile.encoding=windows-1252 -Duser.country=US -Duser.language=en -Duser.variant 
java_command: org.gradle.launcher.daemon.bootstrap.GradleDaemon 5.4.1
java_class_path (initial): C:\Users\karan\.gradle\wrapper\dists\gradle-5.4.1-all\3221gyojl5jsh0helicew7rwx\gradle-5.4.1\lib\gradle-launcher-5.4.1.jar
Launcher Type: SUN_STANDARD

Environment Variables:
JAVA_HOME=C:\Program Files\Java\jdk1.8.0_201\bin
PATH=C:\Rtools\bin;C:\Program Files (x86)\Common Files\Oracle\Java\javapath;C:\Program Files (x86)\Intel\Intel(R) Management Engine Components\iCLS\;C:\Program Files\Intel\Intel(R) Management Engine Components\iCLS\;C:\Windows\system32;C:\Windows;C:\Windows\System32\Wbem;C:\Windows\System32\WindowsPowerShell\v1.0\;C:\Program Files (x86)\Intel\Intel(R) Management Engine Components\DAL;C:\Program Files\Intel\Intel(R) Management Engine Components\DAL;C:\Program Files (x86)\Intel\Intel(R) Management Engine Components\IPT;C:\Program Files\Intel\Intel(R) Management Engine Components\IPT;C:\Program Files (x86)\NVIDIA Corporation\PhysX\Common;C:\Program Files\MATLAB\R2018a\bin;C:\Program Files\nodejs\;C:\WINDOWS\system32;C:\WINDOWS;C:\WINDOWS\System32\Wbem;C:\WINDOWS\System32\WindowsPowerShell\v1.0\;C:\WINDOWS\System32\OpenSSH\;C:\Program Files\Microsoft VS Code\bin;C:\Program Files\NVIDIA Corporation\NVIDIA NvDLISR;C:\Program Files\Java\jdk1.8.0_201\bin;C:\Users\karan\Downloads\apache-maven-3.6.0\bin;;C:\WINDOWS\system32;C:\WINDOWS;C:\WINDOWS\System32\Wbem;C:\WINDOWS\System32\WindowsPowerShell\v1.0\;C:\WINDOWS\System32\OpenSSH\;C:\Program Files\PuTTY\;C:\Users\karan\AppData\Local\Programs\Python\Python36\Scripts\;C:\Users\karan\AppData\Local\Programs\Python\Python36\;C:\Users\karan\AppData\Local\Programs\Python\Python36-32\;C:\Users\karan\AppData\Local\Programs\Python\Python36-32\Scripts\;C:\Users\karan\AppData\Local\Programs\Python\Python37-32\Scripts\;C:\Users\karan\AppData\Local\Programs\Python\Python37-32\;C:\Users\karan\AppData\Local\Programs\Python\Launcher\;C:\Users\karan\AppData\Local\Microsoft\WindowsApps;C:\Users\karan\AppData\Roaming\npm;C:\Program Files\Microsoft VS Code\bin;C:\Program Files\heroku\bin;C:\Program Files\PostgreSQL\10\bin;C:\Program Files\PostgreSQL\10\lib;C:\modeltech64_10.4c\win64;C:\Program Files\Java\jdk1.8.0_201\bin;C:\netcat-win32-1.12;;C:\modeltech64_10.6e\win64
USERNAME=karan
OS=Windows_NT
PROCESSOR_IDENTIFIER=Intel64 Family 6 Model 142 Stepping 10, GenuineIntel



---------------  S Y S T E M  ---------------

OS: Windows 10.0 , 64 bit Build 18362 (10.0.18362.329)

CPU:total 8 (initial active 8) (4 cores per cpu, 2 threads per core) family 6 model 142 stepping 10, cmov, cx8, fxsr, mmx, sse, sse2, sse3, ssse3, sse4.1, sse4.2, popcnt, avx, avx2, aes, clmul, erms, 3dnowpref, lzcnt, ht, tsc, tscinvbit, bmi1, bmi2, adx

Memory: 4k page, physical 16651660k(7086288k free), swap 66983308k(5768k free)

vm_info: Java HotSpot(TM) 64-Bit Server VM (25.201-b09) for windows-amd64 JRE (1.8.0_201-b09), built on Dec 15 2018 18:36:39 by "java_re" with MS VC++ 10.0 (VS2010)

time: Tue Oct 08 17:47:55 2019
timezone: Eastern Daylight Time
elapsed time: 8 seconds (0d 0h 0m 8s)

